2023-09-12 16:23:33 INFO  UserTests:43 - ************ Creating User *****************
2023-09-12 16:23:39 INFO  UserTests:50 - ************ User is Created *****************
2023-09-12 16:23:39 INFO  UserTests:57 - ************ Reading user Info *****************
2023-09-12 16:23:42 INFO  UserTests:63 - ************ User info is displayed *****************
2023-09-12 16:23:42 INFO  UserTests:70 - ************ Updating User *****************
2023-09-12 16:23:45 INFO  UserTests:86 - ************ User is updated *****************
2023-09-12 16:23:45 INFO  UserTests:91 - ************ Deleting User *****************
2023-09-12 16:23:47 INFO  UserTests:94 - ************ User Deleted *****************
2023-09-12 16:29:04 DEBUG UserTests:37 - debugging...........
2023-09-12 16:29:04 INFO  UserTests:44 - ************ Creating User *****************
2023-09-12 16:29:07 INFO  UserTests:51 - ************ User is Created *****************
2023-09-12 16:29:07 INFO  UserTests:58 - ************ Reading user Info *****************
2023-09-12 16:29:08 INFO  UserTests:64 - ************ User info is displayed *****************
2023-09-12 16:29:08 INFO  UserTests:71 - ************ Updating User *****************
2023-09-12 16:29:11 INFO  UserTests:87 - ************ User is updated *****************
2023-09-12 16:29:11 INFO  UserTests:92 - ************ Deleting User *****************
2023-09-12 16:29:13 INFO  UserTests:95 - ************ User Deleted *****************
2023-09-12 17:04:28 DEBUG UserTests2:37 - debugging...........
2023-09-12 17:04:28 INFO  UserTests2:44 - ************ Creating User *****************
2023-09-12 17:04:32 INFO  UserTests2:51 - ************ User is Created *****************
2023-09-12 17:04:32 INFO  UserTests2:58 - ************ Reading user Info *****************
2023-09-12 17:04:35 INFO  UserTests2:64 - ************ User info is displayed *****************
2023-09-12 17:04:35 INFO  UserTests2:71 - ************ Updating User *****************
2023-09-12 17:04:38 INFO  UserTests2:87 - ************ User is updated *****************
2023-09-12 17:04:38 INFO  UserTests2:92 - ************ Deleting User *****************
2023-09-12 17:04:40 INFO  UserTests2:95 - ************ User Deleted *****************
2023-09-12 17:19:01 DEBUG UserTests2:37 - debugging...........
2023-09-12 17:19:01 INFO  UserTests2:44 - ************ Creating User *****************
2023-09-12 17:19:05 INFO  UserTests2:51 - ************ User is Created *****************
2023-09-12 17:19:05 INFO  UserTests2:58 - ************ Reading user Info *****************
2023-09-12 17:19:06 INFO  UserTests2:64 - ************ User info is displayed *****************
2023-09-12 17:19:06 INFO  UserTests2:71 - ************ Updating User *****************
2023-09-12 17:19:09 INFO  UserTests2:87 - ************ User is updated *****************
2023-09-12 17:19:09 INFO  UserTests2:92 - ************ Deleting User *****************
2023-09-12 17:19:10 INFO  UserTests2:95 - ************ User Deleted *****************
2023-09-15 17:00:21 DEBUG UserTests2:37 - debugging...........
2023-09-15 17:00:21 INFO  UserTests2:44 - ************ Creating User *****************
2023-09-15 17:00:24 INFO  UserTests2:51 - ************ User is Created *****************
2023-09-15 17:00:24 INFO  UserTests2:58 - ************ Reading user Info *****************
2023-09-15 17:00:26 INFO  UserTests2:64 - ************ User info is displayed *****************
2023-09-15 17:00:26 INFO  UserTests2:71 - ************ Updating User *****************
2023-09-15 17:00:28 INFO  UserTests2:87 - ************ User is updated *****************
2023-09-15 17:00:28 INFO  UserTests2:92 - ************ Deleting User *****************
2023-09-15 17:00:29 INFO  UserTests2:95 - ************ User Deleted *****************
2023-09-15 17:01:26 DEBUG UserTests2:37 - debugging...........
2023-09-15 17:01:26 INFO  UserTests2:44 - ************ Creating User *****************
2023-09-15 17:01:29 INFO  UserTests2:51 - ************ User is Created *****************
2023-09-15 17:01:29 INFO  UserTests2:58 - ************ Reading user Info *****************
2023-09-15 17:01:30 INFO  UserTests2:64 - ************ User info is displayed *****************
2023-09-15 17:01:30 INFO  UserTests2:71 - ************ Updating User *****************
2023-09-15 17:01:33 INFO  UserTests2:87 - ************ User is updated *****************
2023-09-15 17:01:33 INFO  UserTests2:92 - ************ Deleting User *****************
2023-09-15 17:01:35 INFO  UserTests2:95 - ************ User Deleted *****************
